mode: set
groundseg/accesspoint/accesspoint.go:49.53,60.2 1 0
groundseg/accesspoint/accesspoint.go:62.46,73.56 1 1
groundseg/accesspoint/accesspoint.go:73.56,75.4 1 0
groundseg/accesspoint/accesspoint.go:76.58,78.4 1 0
groundseg/accesspoint/accesspoint.go:88.76,89.19 1 1
groundseg/accesspoint/accesspoint.go:89.19,91.3 1 0
groundseg/accesspoint/accesspoint.go:92.2,92.19 1 1
groundseg/accesspoint/accesspoint.go:92.19,94.3 1 1
groundseg/accesspoint/accesspoint.go:95.2,95.17 1 1
groundseg/accesspoint/accesspoint.go:95.17,97.3 1 0
groundseg/accesspoint/accesspoint.go:98.2,98.22 1 1
groundseg/accesspoint/accesspoint.go:98.22,100.3 1 0
groundseg/accesspoint/accesspoint.go:101.2,101.19 1 1
groundseg/accesspoint/accesspoint.go:101.19,103.3 1 0
groundseg/accesspoint/accesspoint.go:104.2,104.23 1 1
groundseg/accesspoint/accesspoint.go:104.23,106.3 1 0
groundseg/accesspoint/accesspoint.go:107.2,107.22 1 1
groundseg/accesspoint/accesspoint.go:107.22,109.3 1 0
groundseg/accesspoint/accesspoint.go:110.2,110.32 1 1
groundseg/accesspoint/accesspoint.go:110.32,112.3 1 0
groundseg/accesspoint/accesspoint.go:113.2,113.35 1 1
groundseg/accesspoint/accesspoint.go:113.35,115.3 1 0
groundseg/accesspoint/accesspoint.go:116.2,116.33 1 1
groundseg/accesspoint/accesspoint.go:116.33,118.3 1 0
groundseg/accesspoint/accesspoint.go:119.2,119.27 1 1
groundseg/accesspoint/accesspoint.go:119.27,121.3 1 0
groundseg/accesspoint/accesspoint.go:122.2,122.36 1 1
groundseg/accesspoint/accesspoint.go:122.36,124.3 1 0
groundseg/accesspoint/accesspoint.go:125.2,125.31 1 1
groundseg/accesspoint/accesspoint.go:125.31,127.3 1 0
groundseg/accesspoint/accesspoint.go:128.2,128.29 1 1
groundseg/accesspoint/accesspoint.go:128.29,130.3 1 0
groundseg/accesspoint/accesspoint.go:131.2,131.28 1 1
groundseg/accesspoint/accesspoint.go:131.28,133.3 1 0
groundseg/accesspoint/accesspoint.go:134.2,134.33 1 1
groundseg/accesspoint/accesspoint.go:134.33,136.3 1 0
groundseg/accesspoint/accesspoint.go:137.2,137.31 1 1
groundseg/accesspoint/accesspoint.go:137.31,139.3 1 0
groundseg/accesspoint/accesspoint.go:140.2,140.11 1 1
groundseg/accesspoint/accesspoint.go:143.52,146.2 2 1
groundseg/accesspoint/accesspoint.go:148.51,151.2 2 1
groundseg/accesspoint/accesspoint.go:153.33,155.2 1 1
groundseg/accesspoint/accesspoint.go:157.69,159.23 2 1
groundseg/accesspoint/accesspoint.go:159.23,161.3 1 1
groundseg/accesspoint/accesspoint.go:163.2,164.53 2 1
groundseg/accesspoint/accesspoint.go:164.53,166.3 1 0
groundseg/accesspoint/accesspoint.go:168.2,170.40 3 1
groundseg/accesspoint/accesspoint.go:173.30,177.2 3 0
groundseg/accesspoint/accesspoint.go:179.52,181.2 1 0
groundseg/accesspoint/accesspoint.go:183.29,187.2 3 0
groundseg/accesspoint/accesspoint.go:189.51,191.2 1 0
groundseg/accesspoint/accesspoint.go:193.39,194.49 1 1
groundseg/accesspoint/accesspoint.go:194.49,196.3 1 0
groundseg/accesspoint/accesspoint.go:197.2,197.12 1 1
groundseg/accesspoint/accesspoint.go:200.32,202.2 1 0
groundseg/accesspoint/accesspoint.go:217.103,218.21 1 1
groundseg/accesspoint/accesspoint.go:218.21,220.3 1 1
groundseg/accesspoint/accesspoint.go:222.2,223.29 2 1
groundseg/accesspoint/accesspoint.go:223.29,225.17 2 1
groundseg/accesspoint/accesspoint.go:225.17,227.4 1 0
groundseg/accesspoint/accesspoint.go:228.3,228.66 1 1
groundseg/accesspoint/accesspoint.go:231.2,231.35 1 1
groundseg/accesspoint/accesspoint.go:231.35,232.48 1 1
groundseg/accesspoint/accesspoint.go:232.48,234.18 2 1
groundseg/accesspoint/accesspoint.go:234.18,236.5 1 1
groundseg/accesspoint/accesspoint.go:237.4,237.49 1 1
groundseg/accesspoint/accesspoint.go:239.3,239.22 1 1
groundseg/accesspoint/accesspoint.go:242.2,242.35 1 1
groundseg/accesspoint/accesspoint.go:242.35,244.3 1 0
groundseg/accesspoint/accesspoint.go:246.2,246.21 1 1
groundseg/accesspoint/accesspoint.go:249.74,251.23 2 1
groundseg/accesspoint/accesspoint.go:251.23,253.3 1 0
groundseg/accesspoint/accesspoint.go:254.2,254.37 1 1
groundseg/accesspoint/accesspoint.go:254.37,256.42 2 1
groundseg/accesspoint/accesspoint.go:256.42,257.27 1 1
groundseg/accesspoint/accesspoint.go:257.27,259.5 1 1
groundseg/accesspoint/accesspoint.go:261.3,261.15 1 1
groundseg/accesspoint/accesspoint.go:263.2,263.31 1 1
groundseg/accesspoint/accesspoint.go:263.31,264.34 1 1
groundseg/accesspoint/accesspoint.go:264.34,266.4 1 1
groundseg/accesspoint/accesspoint.go:268.2,268.14 1 1
groundseg/accesspoint/accesspoint.go:271.76,275.2 3 1
groundseg/accesspoint/accesspoint.go:277.63,279.2 1 1
groundseg/accesspoint/accesspoint.go:281.93,283.33 2 1
groundseg/accesspoint/accesspoint.go:283.33,285.3 1 0
groundseg/accesspoint/accesspoint.go:286.2,287.16 2 1
groundseg/accesspoint/accesspoint.go:287.16,289.3 1 1
groundseg/accesspoint/accesspoint.go:290.2,290.56 1 1
groundseg/accesspoint/accesspoint.go:290.56,292.38 2 1
groundseg/accesspoint/accesspoint.go:292.38,293.12 1 1
groundseg/accesspoint/accesspoint.go:295.3,295.39 1 1
groundseg/accesspoint/accesspoint.go:295.39,297.4 1 1
groundseg/accesspoint/accesspoint.go:299.2,299.19 1 1
groundseg/accesspoint/accesspoint.go:302.64,304.16 2 1
groundseg/accesspoint/accesspoint.go:304.16,306.3 1 0
groundseg/accesspoint/accesspoint.go:307.2,307.42 1 1
groundseg/accesspoint/accesspoint.go:310.32,311.52 1 0
groundseg/accesspoint/accesspoint.go:311.52,313.3 1 0
groundseg/accesspoint/accesspoint.go:314.2,314.52 1 0
groundseg/accesspoint/accesspoint.go:314.52,316.3 1 0
groundseg/accesspoint/accesspoint.go:317.2,317.12 1 0
groundseg/accesspoint/accesspoint.go:321.57,333.16 7 1
groundseg/accesspoint/accesspoint.go:333.16,335.47 2 1
groundseg/accesspoint/accesspoint.go:335.47,337.4 1 1
groundseg/accesspoint/accesspoint.go:338.3,338.85 1 0
groundseg/accesspoint/accesspoint.go:342.2,343.29 2 0
groundseg/accesspoint/accesspoint.go:346.62,348.2 1 0
groundseg/accesspoint/config.go:18.90,20.16 2 1
groundseg/accesspoint/config.go:20.16,22.3 1 0
groundseg/accesspoint/config.go:23.2,23.72 1 1
groundseg/accesspoint/config.go:23.72,25.3 1 1
groundseg/accesspoint/config.go:26.2,27.12 2 1
groundseg/accesspoint/config.go:30.75,31.48 1 1
groundseg/accesspoint/config.go:31.48,33.3 1 1
groundseg/accesspoint/config.go:34.2,34.43 1 1
groundseg/accesspoint/config.go:34.43,36.3 1 1
groundseg/accesspoint/config.go:37.2,37.52 1 1
groundseg/accesspoint/config.go:37.52,39.3 1 1
groundseg/accesspoint/config.go:41.2,47.42 2 1
groundseg/accesspoint/config.go:50.54,60.2 2 1
groundseg/accesspoint/config.go:62.32,78.2 2 1
groundseg/accesspoint/config.go:80.51,98.2 2 1
groundseg/accesspoint/config.go:100.31,111.2 1 1
groundseg/accesspoint/lifecycle_coordinator.go:17.75,21.31 3 1
groundseg/accesspoint/lifecycle_coordinator.go:21.31,23.3 1 1
groundseg/accesspoint/lifecycle_coordinator.go:24.2,24.55 1 1
groundseg/accesspoint/lifecycle_coordinator.go:24.55,26.3 1 0
groundseg/accesspoint/lifecycle_coordinator.go:28.2,28.35 1 1
groundseg/accesspoint/lifecycle_coordinator.go:28.35,30.3 1 0
groundseg/accesspoint/lifecycle_coordinator.go:31.2,31.49 1 1
groundseg/accesspoint/lifecycle_coordinator.go:31.49,33.3 1 1
groundseg/accesspoint/lifecycle_coordinator.go:35.2,35.33 1 1
groundseg/accesspoint/lifecycle_coordinator.go:35.33,37.3 1 0
groundseg/accesspoint/lifecycle_coordinator.go:38.2,38.49 1 1
groundseg/accesspoint/lifecycle_coordinator.go:38.49,40.3 1 0
groundseg/accesspoint/lifecycle_coordinator.go:42.2,42.27 1 1
groundseg/accesspoint/lifecycle_coordinator.go:42.27,44.3 1 0
groundseg/accesspoint/lifecycle_coordinator.go:45.2,46.16 2 1
groundseg/accesspoint/lifecycle_coordinator.go:46.16,48.3 1 0
groundseg/accesspoint/lifecycle_coordinator.go:49.2,49.13 1 1
groundseg/accesspoint/lifecycle_coordinator.go:49.13,50.22 1 1
groundseg/accesspoint/lifecycle_coordinator.go:50.22,52.4 1 0
groundseg/accesspoint/lifecycle_coordinator.go:52.9,55.4 2 1
groundseg/accesspoint/lifecycle_coordinator.go:58.2,58.36 1 1
groundseg/accesspoint/lifecycle_coordinator.go:58.36,60.3 1 0
groundseg/accesspoint/lifecycle_coordinator.go:61.2,61.101 1 1
groundseg/accesspoint/lifecycle_coordinator.go:61.101,63.3 1 0
groundseg/accesspoint/lifecycle_coordinator.go:65.2,65.29 1 1
groundseg/accesspoint/lifecycle_coordinator.go:65.29,67.3 1 0
groundseg/accesspoint/lifecycle_coordinator.go:68.2,68.45 1 1
groundseg/accesspoint/lifecycle_coordinator.go:68.45,70.3 1 0
groundseg/accesspoint/lifecycle_coordinator.go:71.2,71.12 1 1
groundseg/accesspoint/lifecycle_coordinator.go:74.74,78.33 3 1
groundseg/accesspoint/lifecycle_coordinator.go:78.33,80.3 1 0
groundseg/accesspoint/lifecycle_coordinator.go:81.2,81.49 1 1
groundseg/accesspoint/lifecycle_coordinator.go:81.49,83.3 1 0
groundseg/accesspoint/lifecycle_coordinator.go:85.2,85.27 1 1
groundseg/accesspoint/lifecycle_coordinator.go:85.27,87.3 1 0
groundseg/accesspoint/lifecycle_coordinator.go:88.2,89.16 2 1
groundseg/accesspoint/lifecycle_coordinator.go:89.16,91.3 1 0
groundseg/accesspoint/lifecycle_coordinator.go:93.2,93.13 1 1
groundseg/accesspoint/lifecycle_coordinator.go:93.13,94.29 1 1
groundseg/accesspoint/lifecycle_coordinator.go:94.29,96.4 1 0
groundseg/accesspoint/lifecycle_coordinator.go:97.3,97.45 1 1
groundseg/accesspoint/lifecycle_coordinator.go:97.45,99.4 1 0
groundseg/accesspoint/lifecycle_coordinator.go:100.8,102.3 1 1
groundseg/accesspoint/lifecycle_coordinator.go:103.2,103.12 1 1
groundseg/accesspoint/parameters.go:9.33,12.2 2 1
groundseg/accesspoint/parameters.go:14.64,15.38 1 1
groundseg/accesspoint/parameters.go:15.38,16.21 1 1
groundseg/accesspoint/parameters.go:16.21,18.4 1 1
groundseg/accesspoint/parameters.go:20.2,20.14 1 1
groundseg/accesspoint/parameters.go:23.30,25.2 1 1
groundseg/accesspoint/parameters.go:27.62,29.31 1 1
groundseg/accesspoint/parameters.go:29.31,31.3 1 1
groundseg/accesspoint/parameters.go:32.2,33.16 2 1
groundseg/accesspoint/parameters.go:33.16,35.3 1 1
groundseg/accesspoint/parameters.go:37.2,38.35 2 1
groundseg/accesspoint/parameters.go:38.35,40.3 1 1
groundseg/accesspoint/parameters.go:43.2,43.61 1 1
groundseg/accesspoint/parameters.go:43.61,45.3 1 1
groundseg/accesspoint/parameters.go:48.2,48.61 1 1
groundseg/accesspoint/parameters.go:48.61,50.3 1 1
groundseg/accesspoint/parameters.go:53.2,53.24 1 1
groundseg/accesspoint/parameters.go:53.24,55.3 1 1
groundseg/accesspoint/parameters.go:58.2,58.19 1 1
groundseg/accesspoint/parameters.go:58.19,60.3 1 1
groundseg/accesspoint/parameters.go:63.2,63.23 1 1
groundseg/accesspoint/parameters.go:63.23,65.3 1 1
groundseg/accesspoint/parameters.go:66.2,66.12 1 1
groundseg/accesspoint/router.go:17.26,19.2 1 1
groundseg/accesspoint/router.go:21.25,23.2 1 1
groundseg/accesspoint/router.go:25.58,26.35 1 1
groundseg/accesspoint/router.go:26.35,28.3 1 1
groundseg/accesspoint/router.go:29.2,29.81 1 1
groundseg/accesspoint/router.go:29.81,31.3 1 1
groundseg/accesspoint/router.go:32.2,32.95 1 1
groundseg/accesspoint/router.go:32.95,34.3 1 0
groundseg/accesspoint/router.go:35.2,43.80 6 1
groundseg/accesspoint/router.go:43.80,45.3 1 0
groundseg/accesspoint/router.go:47.2,47.19 1 1
groundseg/accesspoint/router.go:47.19,49.76 2 1
groundseg/accesspoint/router.go:49.76,51.4 1 0
groundseg/accesspoint/router.go:52.3,52.94 1 1
groundseg/accesspoint/router.go:52.94,54.4 1 0
groundseg/accesspoint/router.go:55.3,55.82 1 1
groundseg/accesspoint/router.go:55.82,57.4 1 0
groundseg/accesspoint/router.go:58.3,58.82 1 1
groundseg/accesspoint/router.go:58.82,60.4 1 0
groundseg/accesspoint/router.go:61.3,61.127 1 1
groundseg/accesspoint/router.go:61.127,63.4 1 0
groundseg/accesspoint/router.go:64.3,64.170 1 1
groundseg/accesspoint/router.go:64.170,66.4 1 0
groundseg/accesspoint/router.go:67.3,67.121 1 1
groundseg/accesspoint/router.go:67.121,69.4 1 0
groundseg/accesspoint/router.go:72.2,72.117 1 1
groundseg/accesspoint/router.go:72.117,74.3 1 0
groundseg/accesspoint/router.go:75.2,75.115 1 1
groundseg/accesspoint/router.go:75.115,77.3 1 0
groundseg/accesspoint/router.go:79.2,80.198 2 1
groundseg/accesspoint/router.go:80.198,82.3 1 0
groundseg/accesspoint/router.go:84.2,86.59 3 1
groundseg/accesspoint/router.go:86.59,88.3 1 0
groundseg/accesspoint/router.go:89.2,89.84 1 1
groundseg/accesspoint/router.go:89.84,91.3 1 0
groundseg/accesspoint/router.go:93.2,94.12 2 1
groundseg/accesspoint/router.go:98.57,100.83 1 1
groundseg/accesspoint/router.go:100.83,102.3 1 1
groundseg/accesspoint/router.go:105.2,106.65 2 1
groundseg/accesspoint/router.go:106.65,108.3 1 0
groundseg/accesspoint/router.go:111.2,112.67 2 1
groundseg/accesspoint/router.go:112.67,114.3 1 0
groundseg/accesspoint/router.go:117.2,118.82 2 1
groundseg/accesspoint/router.go:118.82,120.3 1 0
groundseg/accesspoint/router.go:123.2,123.19 1 1
groundseg/accesspoint/router.go:123.19,124.118 1 1
groundseg/accesspoint/router.go:124.118,126.4 1 0
groundseg/accesspoint/router.go:127.3,127.116 1 1
groundseg/accesspoint/router.go:127.116,129.4 1 0
groundseg/accesspoint/router.go:131.2,131.93 1 1
groundseg/accesspoint/router.go:131.93,133.3 1 0
groundseg/accesspoint/router.go:134.2,134.81 1 1
groundseg/accesspoint/router.go:134.81,136.3 1 0
groundseg/accesspoint/router.go:137.2,137.81 1 1
groundseg/accesspoint/router.go:137.81,139.3 1 0
groundseg/accesspoint/router.go:142.2,143.86 2 1
groundseg/accesspoint/router.go:143.86,145.3 1 0
groundseg/accesspoint/router.go:147.2,148.12 2 1
groundseg/accesspoint/router.go:151.23,156.16 4 1
groundseg/accesspoint/router.go:156.16,158.3 1 0
groundseg/accesspoint/router.go:160.2,161.16 2 1
groundseg/accesspoint/router.go:161.16,163.3 1 1
groundseg/accesspoint/router.go:164.2,165.53 2 1
groundseg/accesspoint/router.go:165.53,167.17 2 1
groundseg/accesspoint/router.go:167.17,169.4 1 0
groundseg/accesspoint/router.go:170.3,171.54 2 1
groundseg/accesspoint/router.go:171.54,173.4 1 0
groundseg/accesspoint/router.go:176.2,177.16 2 1
groundseg/accesspoint/router.go:177.16,179.3 1 1
groundseg/accesspoint/router.go:180.2,183.16 3 1
groundseg/accesspoint/router.go:183.16,185.3 1 0
groundseg/accesspoint/router.go:186.2,187.12 2 1
groundseg/accesspoint/router.go:190.77,193.2 2 1
groundseg/accesspoint/router.go:195.62,199.16 4 1
groundseg/accesspoint/router.go:199.16,202.3 2 1
groundseg/accesspoint/router.go:203.2,203.12 1 1
groundseg/accesspoint/router.go:206.61,207.20 1 1
groundseg/accesspoint/router.go:207.20,209.3 1 1
groundseg/accesspoint/router.go:210.2,210.45 1 1
