mode: set
groundseg/config/bootstrap.go:53.25,54.21 1 0
groundseg/config/bootstrap.go:54.21,56.3 1 0
groundseg/config/bootstrap.go:57.2,57.16 1 0
groundseg/config/bootstrap.go:60.31,69.16 8 0
groundseg/config/bootstrap.go:69.16,71.3 1 0
groundseg/config/bootstrap.go:72.2,74.13 2 0
groundseg/config/bootstrap.go:74.13,75.57 1 0
groundseg/config/bootstrap.go:75.57,77.4 1 0
groundseg/config/bootstrap.go:79.2,80.16 2 0
groundseg/config/bootstrap.go:80.16,82.3 1 0
groundseg/config/bootstrap.go:84.2,88.52 4 0
groundseg/config/bootstrap.go:88.52,90.3 1 0
groundseg/config/bootstrap.go:92.2,92.49 1 0
groundseg/config/bootstrap.go:92.49,94.3 1 0
groundseg/config/bootstrap.go:96.2,97.31 2 0
groundseg/config/bootstrap.go:97.31,99.50 2 0
groundseg/config/bootstrap.go:99.50,101.4 1 0
groundseg/config/bootstrap.go:102.3,102.63 1 0
groundseg/config/bootstrap.go:102.63,104.4 1 0
groundseg/config/bootstrap.go:107.2,108.12 2 0
groundseg/config/bootstrap.go:111.24,117.2 5 1
groundseg/config/bootstrap.go:120.31,124.2 3 1
groundseg/config/bootstrap.go:126.28,128.2 1 0
groundseg/config/bootstrap.go:131.31,132.24 1 1
groundseg/config/bootstrap.go:133.26,134.17 1 1
groundseg/config/bootstrap.go:135.10,136.17 1 0
groundseg/config/bootstrap.go:140.27,141.35 1 1
groundseg/config/bootstrap.go:142.10,143.39 1 1
groundseg/config/bootstrap.go:144.10,145.35 1 0
groundseg/config/bootstrap.go:149.21,151.34 2 0
groundseg/config/bootstrap.go:151.34,153.19 1 0
groundseg/config/bootstrap.go:153.19,156.4 2 0
groundseg/config/bootstrap.go:158.2,158.39 1 0
groundseg/config/bootstrap.go:161.29,163.53 2 0
groundseg/config/bootstrap.go:163.53,165.3 1 0
groundseg/config/config.go:94.46,98.2 3 1
groundseg/config/config.go:100.50,109.2 7 1
groundseg/config/config.go:111.48,113.2 1 1
groundseg/config/config.go:115.49,119.2 3 0
groundseg/config/config.go:121.49,125.2 3 0
groundseg/config/config.go:127.13,134.2 1 1
groundseg/config/config.go:136.59,141.2 4 0
groundseg/config/config.go:143.51,147.2 3 0
groundseg/config/config.go:149.57,157.2 3 0
groundseg/config/config_events.go:14.78,15.23 1 1
groundseg/config/config_events.go:15.23,17.3 1 1
groundseg/config/config_events.go:18.2,18.16 1 1
groundseg/config/config_events.go:18.16,20.3 1 0
groundseg/config/config_events.go:21.2,21.12 1 1
groundseg/config/config_events.go:21.12,22.7 1 1
groundseg/config/config_events.go:22.7,23.11 1 1
groundseg/config/config_events.go:24.22,25.11 1 1
groundseg/config/config_events.go:26.35,27.12 1 1
groundseg/config/config_events.go:27.12,29.6 1 0
groundseg/config/config_events.go:30.5,30.28 1 1
groundseg/config/config_events.go:34.2,34.12 1 1
groundseg/config/config_events.go:40.37,41.28 1 1
groundseg/config/config_events.go:41.28,43.3 1 0
groundseg/config/config_events.go:44.2,45.27 2 1
groundseg/config/config_events.go:45.27,46.63 1 1
groundseg/config/config_events.go:46.63,48.4 1 1
groundseg/config/config_events.go:53.20,56.2 1 0
groundseg/config/config_merge.go:17.43,18.19 1 1
groundseg/config/config_merge.go:18.19,20.3 1 1
groundseg/config/config_merge.go:21.2,21.23 1 1
groundseg/config/config_merge.go:25.102,26.25 1 1
groundseg/config/config_merge.go:26.25,28.3 1 1
groundseg/config/config_merge.go:29.2,29.56 1 1
groundseg/config/config_merge.go:33.102,35.2 1 1
groundseg/config/config_merge.go:37.117,44.38 3 1
groundseg/config/config_merge.go:44.38,46.3 1 1
groundseg/config/config_merge.go:46.8,48.3 1 1
groundseg/config/config_merge.go:58.2,58.31 1 1
groundseg/config/config_merge.go:58.31,61.3 2 1
groundseg/config/config_merge.go:61.8,62.31 1 1
groundseg/config/config_merge.go:62.31,64.4 1 1
groundseg/config/config_merge.go:64.9,66.4 1 1
groundseg/config/config_merge.go:70.2,70.36 1 1
groundseg/config/config_merge.go:70.36,72.3 1 1
groundseg/config/config_merge.go:72.8,74.3 1 1
groundseg/config/config_merge.go:77.2,77.35 1 1
groundseg/config/config_merge.go:77.35,79.3 1 1
groundseg/config/config_merge.go:79.8,81.3 1 1
groundseg/config/config_merge.go:84.2,84.33 1 1
groundseg/config/config_merge.go:84.33,86.3 1 1
groundseg/config/config_merge.go:86.8,88.3 1 1
groundseg/config/config_merge.go:91.2,91.33 1 1
groundseg/config/config_merge.go:91.33,93.3 1 1
groundseg/config/config_merge.go:93.8,95.3 1 1
groundseg/config/config_merge.go:98.2,98.35 1 1
groundseg/config/config_merge.go:98.35,100.3 1 1
groundseg/config/config_merge.go:100.8,102.3 1 1
groundseg/config/config_merge.go:105.2,105.34 1 1
groundseg/config/config_merge.go:105.34,107.3 1 1
groundseg/config/config_merge.go:107.8,109.3 1 1
groundseg/config/config_merge.go:112.2,112.37 1 1
groundseg/config/config_merge.go:112.37,114.3 1 1
groundseg/config/config_merge.go:114.8,116.3 1 1
groundseg/config/config_merge.go:119.2,119.31 1 1
groundseg/config/config_merge.go:119.31,121.3 1 1
groundseg/config/config_merge.go:121.8,123.3 1 1
groundseg/config/config_merge.go:126.2,126.33 1 1
groundseg/config/config_merge.go:126.33,128.3 1 1
groundseg/config/config_merge.go:128.8,130.3 1 1
groundseg/config/config_merge.go:133.2,133.32 1 1
groundseg/config/config_merge.go:133.32,135.3 1 1
groundseg/config/config_merge.go:135.8,137.3 1 1
groundseg/config/config_merge.go:140.2,140.45 1 1
groundseg/config/config_merge.go:140.45,142.3 1 1
groundseg/config/config_merge.go:142.8,144.3 1 1
groundseg/config/config_merge.go:146.2,146.47 1 1
groundseg/config/config_merge.go:146.47,148.3 1 1
groundseg/config/config_merge.go:148.8,150.3 1 1
groundseg/config/config_merge.go:153.2,153.42 1 1
groundseg/config/config_merge.go:153.42,155.3 1 1
groundseg/config/config_merge.go:155.8,157.3 1 1
groundseg/config/config_merge.go:159.2,159.46 1 1
groundseg/config/config_merge.go:159.46,161.3 1 1
groundseg/config/config_merge.go:161.8,163.3 1 1
groundseg/config/config_merge.go:166.2,166.35 1 1
groundseg/config/config_merge.go:166.35,168.3 1 1
groundseg/config/config_merge.go:168.8,170.3 1 1
groundseg/config/config_merge.go:173.2,187.31 7 1
groundseg/config/config_merge.go:187.31,189.3 1 1
groundseg/config/config_merge.go:189.8,191.3 1 1
groundseg/config/config_merge.go:194.2,194.35 1 1
groundseg/config/config_merge.go:194.35,196.3 1 1
groundseg/config/config_merge.go:196.8,198.3 1 1
groundseg/config/config_merge.go:201.2,201.34 1 1
groundseg/config/config_merge.go:201.34,203.3 1 1
groundseg/config/config_merge.go:203.8,205.3 1 1
groundseg/config/config_merge.go:208.2,208.31 1 1
groundseg/config/config_merge.go:208.31,210.3 1 1
groundseg/config/config_merge.go:210.8,212.3 1 1
groundseg/config/config_merge.go:215.2,215.38 1 1
groundseg/config/config_merge.go:215.38,217.3 1 1
groundseg/config/config_merge.go:217.8,219.3 1 1
groundseg/config/config_merge.go:222.2,222.32 1 1
groundseg/config/config_merge.go:222.32,224.3 1 1
groundseg/config/config_merge.go:224.8,226.3 1 1
groundseg/config/config_merge.go:229.2,229.31 1 1
groundseg/config/config_merge.go:229.31,231.3 1 1
groundseg/config/config_merge.go:231.8,233.3 1 1
groundseg/config/config_merge.go:236.2,236.32 1 1
groundseg/config/config_merge.go:236.32,238.3 1 1
groundseg/config/config_merge.go:238.8,240.3 1 1
groundseg/config/config_merge.go:243.2,243.29 1 1
groundseg/config/config_merge.go:243.29,245.3 1 1
groundseg/config/config_merge.go:248.2,251.35 2 1
groundseg/config/config_merge.go:251.35,253.3 1 1
groundseg/config/config_merge.go:253.8,255.3 1 1
groundseg/config/config_merge.go:259.2,266.51 4 1
groundseg/config/config_merge.go:266.51,267.68 1 1
groundseg/config/config_merge.go:267.68,269.4 1 1
groundseg/config/config_merge.go:271.2,271.51 1 1
groundseg/config/config_merge.go:271.51,273.3 1 1
groundseg/config/config_merge.go:273.8,275.3 1 1
groundseg/config/config_merge.go:278.2,278.29 1 1
groundseg/config/config_merge.go:278.29,280.3 1 1
groundseg/config/config_merge.go:280.8,282.3 1 1
groundseg/config/config_merge.go:283.2,284.32 2 1
groundseg/config/config_merge.go:284.32,286.3 1 1
groundseg/config/config_merge.go:286.8,288.3 1 1
groundseg/config/config_merge.go:290.2,290.21 1 1
groundseg/config/config_merge.go:295.117,297.2 1 1
groundseg/config/config_state.go:23.79,31.2 7 0
groundseg/config/config_state.go:34.40,39.2 4 0
groundseg/config/config_state.go:42.60,46.40 4 0
groundseg/config/config_state.go:46.40,48.3 1 0
groundseg/config/config_state.go:49.2,49.18 1 0
groundseg/config/config_state.go:54.37,58.16 4 0
groundseg/config/config_state.go:58.16,61.3 2 0
groundseg/config/config_state.go:61.8,64.3 2 0
groundseg/config/config_state.go:65.2,65.17 1 0
groundseg/config/config_state.go:69.36,72.16 3 1
groundseg/config/config_state.go:72.16,75.3 2 0
groundseg/config/config_state.go:76.2,76.53 1 1
groundseg/config/config_state.go:79.49,82.16 2 1
groundseg/config/config_state.go:82.16,84.3 1 0
groundseg/config/config_state.go:85.2,91.49 3 1
groundseg/config/config_state.go:91.49,93.3 1 0
groundseg/config/config_state.go:96.2,101.24 3 1
groundseg/config/config_update.go:44.43,45.42 1 1
groundseg/config/config_update.go:45.42,46.30 1 1
groundseg/config/config_update.go:46.30,48.4 1 1
groundseg/config/config_update.go:50.2,50.14 1 0
groundseg/config/config_update.go:68.18,71.39 1 1
groundseg/config/config_update.go:71.39,73.4 1 1
groundseg/config/config_update.go:74.54,76.18 2 0
groundseg/config/config_update.go:76.18,78.5 1 0
groundseg/config/config_update.go:79.4,80.14 2 0
groundseg/config/config_update.go:82.62,84.20 2 1
groundseg/config/config_update.go:84.20,86.5 1 1
groundseg/config/config_update.go:87.4,87.37 1 1
groundseg/config/config_update.go:97.18,99.2 1 1
groundseg/config/config_update.go:106.18,108.2 1 1
groundseg/config/config_update.go:115.18,117.2 1 1
groundseg/config/config_update.go:119.75,121.2 1 0
groundseg/config/config_update.go:128.18,130.2 1 1
groundseg/config/config_update.go:138.18,141.39 1 1
groundseg/config/config_update.go:141.39,143.4 1 0
groundseg/config/config_update.go:144.54,146.18 2 0
groundseg/config/config_update.go:146.18,148.5 1 0
groundseg/config/config_update.go:149.4,150.14 2 0
groundseg/config/config_update.go:152.62,154.25 2 1
groundseg/config/config_update.go:154.25,156.5 1 1
groundseg/config/config_update.go:157.4,157.38 1 0
groundseg/config/config_update.go:162.59,165.37 1 1
groundseg/config/config_update.go:165.37,167.4 1 0
groundseg/config/config_update.go:168.50,170.4 1 0
groundseg/config/config_update.go:171.48,171.49 0 1
groundseg/config/config_update.go:175.131,176.19 1 0
groundseg/config/config_update.go:176.19,178.3 1 0
groundseg/config/config_update.go:179.2,179.41 1 0
groundseg/config/config_update.go:179.41,181.3 1 0
groundseg/config/config_update.go:182.2,182.15 1 0
groundseg/config/config_update.go:185.95,187.37 2 0
groundseg/config/config_update.go:187.37,189.3 1 0
groundseg/config/config_update.go:190.2,190.15 1 0
groundseg/config/config_update.go:196.32,196.50 1 1
groundseg/config/config_update.go:197.38,199.4 1 0
groundseg/config/config_update.go:200.57,202.4 1 0
groundseg/config/config_update.go:206.28,206.45 1 1
groundseg/config/config_update.go:207.34,209.4 1 0
groundseg/config/config_update.go:210.53,212.4 1 0
groundseg/config/config_update.go:216.28,216.60 1 1
groundseg/config/config_update.go:217.34,219.4 1 0
groundseg/config/config_update.go:220.53,222.4 1 0
groundseg/config/config_update.go:226.28,226.62 1 1
groundseg/config/config_update.go:227.34,229.4 1 0
groundseg/config/config_update.go:230.53,232.4 1 0
groundseg/config/config_update.go:236.28,236.62 1 1
groundseg/config/config_update.go:237.34,239.4 1 0
groundseg/config/config_update.go:240.53,242.4 1 0
groundseg/config/config_update.go:246.28,246.52 1 1
groundseg/config/config_update.go:247.34,249.4 1 0
groundseg/config/config_update.go:250.53,252.4 1 0
groundseg/config/config_update.go:256.28,256.53 1 1
groundseg/config/config_update.go:257.34,259.4 1 0
groundseg/config/config_update.go:260.53,262.4 1 0
groundseg/config/config_update.go:266.27,266.47 1 1
groundseg/config/config_update.go:267.33,269.4 1 0
groundseg/config/config_update.go:270.52,272.4 1 0
groundseg/config/config_update.go:276.28,276.54 1 1
groundseg/config/config_update.go:277.34,279.4 1 0
groundseg/config/config_update.go:280.53,282.4 1 0
groundseg/config/config_update.go:286.30,286.55 1 1
groundseg/config/config_update.go:287.36,289.4 1 0
groundseg/config/config_update.go:290.55,292.4 1 0
groundseg/config/config_update.go:296.27,296.51 1 1
groundseg/config/config_update.go:297.33,299.4 1 0
groundseg/config/config_update.go:300.52,302.4 1 0
groundseg/config/config_update.go:306.30,306.54 1 1
groundseg/config/config_update.go:307.36,309.4 1 0
groundseg/config/config_update.go:310.55,312.4 1 0
groundseg/config/config_update.go:316.28,316.53 1 1
groundseg/config/config_update.go:317.34,319.4 1 0
groundseg/config/config_update.go:320.53,322.4 1 0
groundseg/config/config_update.go:326.30,326.63 1 1
groundseg/config/config_update.go:327.36,329.4 1 0
groundseg/config/config_update.go:330.55,332.4 1 0
groundseg/config/config_update.go:336.30,336.49 1 1
groundseg/config/config_update.go:337.36,339.4 1 0
groundseg/config/config_update.go:340.55,342.4 1 0
groundseg/config/config_update.go:346.30,346.50 1 1
groundseg/config/config_update.go:347.36,349.4 1 0
groundseg/config/config_update.go:350.55,352.4 1 0
groundseg/config/config_update.go:356.30,356.47 1 1
groundseg/config/config_update.go:357.36,359.4 1 0
groundseg/config/config_update.go:360.55,362.4 1 0
groundseg/config/config_update.go:366.30,366.50 1 1
groundseg/config/config_update.go:367.36,369.4 1 0
groundseg/config/config_update.go:370.55,372.4 1 0
groundseg/config/config_update.go:376.27,376.51 1 1
groundseg/config/config_update.go:377.33,379.4 1 0
groundseg/config/config_update.go:380.52,382.4 1 1
groundseg/config/config_update.go:386.30,386.48 1 1
groundseg/config/config_update.go:387.36,389.4 1 0
groundseg/config/config_update.go:390.55,392.4 1 0
groundseg/config/config_update.go:396.30,396.49 1 1
groundseg/config/config_update.go:397.36,399.4 1 0
groundseg/config/config_update.go:400.55,402.4 1 0
groundseg/config/config_update.go:407.53,409.4 1 1
groundseg/config/config_update.go:410.63,412.4 1 0
groundseg/config/config_update.go:413.82,415.4 1 0
groundseg/config/config_update.go:420.53,422.4 1 1
groundseg/config/config_update.go:423.63,425.4 1 0
groundseg/config/config_update.go:426.82,428.4 1 0
groundseg/config/config_update.go:432.80,434.4 1 0
groundseg/config/config_update.go:435.53,436.28 1 1
groundseg/config/config_update.go:436.28,438.5 1 1
groundseg/config/config_update.go:439.4,439.25 1 0
groundseg/config/config_update.go:441.63,444.4 2 0
groundseg/config/config_update.go:445.82,447.4 1 0
groundseg/config/config_update.go:451.30,451.56 1 1
groundseg/config/config_update.go:452.36,454.4 1 0
groundseg/config/config_update.go:455.55,457.4 1 0
groundseg/config/config_update.go:461.28,461.52 1 1
groundseg/config/config_update.go:462.34,464.4 1 0
groundseg/config/config_update.go:465.53,467.4 1 0
groundseg/config/config_update.go:471.30,471.52 1 1
groundseg/config/config_update.go:472.36,474.4 1 0
groundseg/config/config_update.go:475.55,477.4 1 0
groundseg/config/config_update.go:481.30,481.50 1 1
groundseg/config/config_update.go:482.36,484.4 1 0
groundseg/config/config_update.go:485.55,487.4 1 0
groundseg/config/config_update.go:494.77,496.31 2 1
groundseg/config/config_update.go:496.31,498.3 1 1
groundseg/config/config_update.go:499.2,499.17 1 1
groundseg/config/config_update.go:502.67,504.9 2 0
groundseg/config/config_update.go:504.9,506.3 1 0
groundseg/config/config_update.go:507.2,507.20 1 0
groundseg/config/config_update.go:510.65,512.9 2 0
groundseg/config/config_update.go:512.9,514.3 1 0
groundseg/config/config_update.go:515.2,515.20 1 0
groundseg/config/config_update.go:518.71,520.9 2 0
groundseg/config/config_update.go:520.9,522.3 1 0
groundseg/config/config_update.go:523.2,523.20 1 0
groundseg/config/config_update.go:526.94,528.9 2 0
groundseg/config/config_update.go:528.9,530.3 1 0
groundseg/config/config_update.go:531.2,532.41 2 0
groundseg/config/config_update.go:532.41,534.3 1 0
groundseg/config/config_update.go:535.2,535.20 1 0
groundseg/config/config_update.go:538.60,539.39 1 0
groundseg/config/config_update.go:539.39,541.3 1 0
groundseg/config/config_update.go:542.2,543.9 2 0
groundseg/config/config_update.go:543.9,545.3 1 0
groundseg/config/config_update.go:546.2,547.38 2 0
groundseg/config/config_update.go:547.38,549.3 1 0
groundseg/config/config_update.go:550.2,550.19 1 0
groundseg/config/config_update.go:553.85,555.9 2 0
groundseg/config/config_update.go:555.9,557.3 1 0
groundseg/config/config_update.go:558.2,559.40 2 0
groundseg/config/config_update.go:559.40,561.3 1 0
groundseg/config/config_update.go:562.2,562.20 1 0
groundseg/config/config_update.go:566.54,567.20 1 1
groundseg/config/config_update.go:567.20,569.3 1 0
groundseg/config/config_update.go:571.2,572.27 2 1
groundseg/config/config_update.go:572.27,573.17 1 1
groundseg/config/config_update.go:573.17,575.4 1 1
groundseg/config/config_update.go:577.2,577.25 1 1
groundseg/config/config_update.go:577.25,579.3 1 0
groundseg/config/config_update.go:581.2,581.35 1 1
groundseg/config/config_update.go:584.50,589.16 4 1
groundseg/config/config_update.go:589.16,591.3 1 0
groundseg/config/config_update.go:593.2,594.60 2 1
groundseg/config/config_update.go:594.60,596.3 1 0
groundseg/config/config_update.go:598.2,599.57 2 1
groundseg/config/config_update.go:599.57,601.3 1 0
groundseg/config/config_update.go:603.2,606.16 3 1
groundseg/config/config_update.go:606.16,608.3 1 0
groundseg/config/config_update.go:609.2,609.35 1 1
groundseg/config/config_update.go:609.35,611.3 1 1
groundseg/config/config_update.go:613.2,613.47 1 1
groundseg/config/config_update.go:613.47,615.3 1 1
groundseg/config/config_update.go:616.2,616.12 1 0
groundseg/config/config_update.go:619.72,620.42 1 1
groundseg/config/config_update.go:620.42,622.3 1 1
groundseg/config/config_update.go:625.82,627.16 2 1
groundseg/config/config_update.go:627.16,629.3 1 0
groundseg/config/config_update.go:630.2,631.64 2 1
groundseg/config/config_update.go:631.64,633.3 1 0
groundseg/config/config_update.go:634.2,634.23 1 1
groundseg/config/config_update.go:637.49,638.32 1 0
groundseg/config/config_update.go:638.32,641.3 2 0
groundseg/config/config_update.go:644.46,645.32 1 0
groundseg/config/config_update.go:645.32,647.3 1 0
groundseg/config/config_update.go:650.62,651.32 1 0
groundseg/config/config_update.go:651.32,653.3 1 0
groundseg/config/config_update.go:656.64,657.32 1 0
groundseg/config/config_update.go:657.32,659.3 1 0
groundseg/config/config_update.go:662.64,663.32 1 0
groundseg/config/config_update.go:663.32,665.3 1 0
groundseg/config/config_update.go:668.62,669.32 1 0
groundseg/config/config_update.go:669.32,673.3 3 0
groundseg/config/config_update.go:676.53,677.32 1 0
groundseg/config/config_update.go:677.32,679.3 1 0
groundseg/config/config_update.go:682.54,683.32 1 0
groundseg/config/config_update.go:683.32,685.3 1 0
groundseg/config/config_update.go:688.46,689.32 1 0
groundseg/config/config_update.go:689.32,691.3 1 0
groundseg/config/config_update.go:694.55,695.32 1 0
groundseg/config/config_update.go:695.32,697.3 1 0
groundseg/config/config_update.go:700.54,701.32 1 0
groundseg/config/config_update.go:701.32,703.3 1 0
groundseg/config/config_update.go:706.50,707.32 1 0
groundseg/config/config_update.go:707.32,709.3 1 0
groundseg/config/config_update.go:712.56,713.32 1 0
groundseg/config/config_update.go:713.32,715.3 1 0
groundseg/config/config_update.go:718.57,719.32 1 0
groundseg/config/config_update.go:719.32,721.3 1 0
groundseg/config/config_update.go:724.65,725.32 1 0
groundseg/config/config_update.go:725.32,727.3 1 0
groundseg/config/config_update.go:730.49,731.32 1 0
groundseg/config/config_update.go:731.32,733.3 1 0
groundseg/config/config_update.go:736.51,737.32 1 0
groundseg/config/config_update.go:737.32,739.3 1 0
groundseg/config/config_update.go:742.45,743.32 1 0
groundseg/config/config_update.go:743.32,745.3 1 0
groundseg/config/config_update.go:748.48,749.32 1 0
groundseg/config/config_update.go:749.32,751.3 1 0
groundseg/config/config_update.go:754.52,755.32 1 1
groundseg/config/config_update.go:755.32,757.3 1 1
groundseg/config/config_update.go:760.46,761.32 1 0
groundseg/config/config_update.go:761.32,763.3 1 0
groundseg/config/config_update.go:766.47,767.32 1 0
groundseg/config/config_update.go:767.32,769.3 1 0
groundseg/config/config_update.go:772.90,773.32 1 0
groundseg/config/config_update.go:773.32,774.38 1 0
groundseg/config/config_update.go:774.38,776.4 1 0
groundseg/config/config_update.go:777.3,777.46 1 0
groundseg/config/config_update.go:781.92,782.32 1 0
groundseg/config/config_update.go:782.32,783.40 1 0
groundseg/config/config_update.go:783.40,785.4 1 0
groundseg/config/config_update.go:786.3,786.48 1 0
groundseg/config/config_update.go:790.79,791.32 1 0
groundseg/config/config_update.go:791.32,793.33 2 0
groundseg/config/config_update.go:793.33,795.4 1 0
groundseg/config/config_update.go:796.3,796.30 1 0
groundseg/config/config_update.go:800.53,801.32 1 0
groundseg/config/config_update.go:801.32,803.3 1 0
groundseg/config/config_update.go:806.53,807.32 1 0
groundseg/config/config_update.go:807.32,809.3 1 0
groundseg/config/config_update.go:812.53,813.32 1 0
groundseg/config/config_update.go:813.32,815.3 1 0
groundseg/config/config_update.go:818.48,819.32 1 0
groundseg/config/config_update.go:819.32,821.3 1 0
groundseg/config/config_update.go:825.54,827.16 2 0
groundseg/config/config_update.go:827.16,829.3 1 0
groundseg/config/config_update.go:830.2,830.35 1 0
groundseg/config/config_update.go:833.74,835.33 2 0
groundseg/config/config_update.go:835.33,837.14 2 0
groundseg/config/config_update.go:837.14,839.4 1 0
groundseg/config/config_update.go:840.3,840.51 1 0
groundseg/config/config_update.go:840.51,842.4 1 0
groundseg/config/config_update.go:844.2,844.19 1 0
groundseg/config/config_view.go:28.41,30.2 1 0
groundseg/config/config_view.go:33.73,35.2 1 0
groundseg/config/config_view.go:37.72,46.2 1 0
groundseg/config/config_view.go:48.64,50.66 2 0
groundseg/config/config_view.go:50.66,52.3 1 0
groundseg/config/config_view.go:53.2,58.3 1 0
groundseg/config/config_view.go:61.68,69.2 1 0
groundseg/config/config_view.go:71.72,77.2 1 0
groundseg/config/config_view.go:79.64,83.2 1 0
groundseg/config/config_view.go:85.80,89.2 1 0
groundseg/config/config_view.go:91.68,96.2 1 0
groundseg/config/config_view.go:98.64,103.2 1 0
groundseg/config/config_view.go:105.78,109.2 1 0
groundseg/config/config_view.go:111.70,118.2 2 0
groundseg/config/config_view.go:120.75,128.2 2 0
groundseg/config/config_view.go:130.50,132.2 1 0
groundseg/config/config_view.go:134.42,136.2 1 0
groundseg/config/config_view.go:138.46,140.2 1 0
groundseg/config/config_view.go:142.50,144.2 1 0
groundseg/config/config_view.go:146.42,148.2 1 0
groundseg/config/config_view.go:150.58,152.2 1 0
groundseg/config/config_view.go:154.46,156.2 1 0
groundseg/config/config_view.go:158.42,160.2 1 0
groundseg/config/config_view.go:162.56,164.2 1 0
groundseg/config/config_view.go:166.48,168.2 1 0
groundseg/config/mc.go:13.41,13.98 1 1
groundseg/config/mc.go:17.34,21.16 4 1
groundseg/config/mc.go:21.16,23.3 1 0
groundseg/config/mc.go:24.2,24.43 1 1
groundseg/config/mc.go:28.27,40.16 6 1
groundseg/config/mc.go:40.16,42.3 1 0
groundseg/config/mc.go:43.2,43.43 1 1
groundseg/config/minio.go:7.52,11.13 4 1
groundseg/config/minio.go:11.13,13.3 1 1
groundseg/config/minio.go:14.2,14.22 1 1
groundseg/config/minio.go:17.52,22.2 4 1
groundseg/config/netdata.go:17.39,20.69 3 1
groundseg/config/netdata.go:20.69,22.3 1 0
groundseg/config/netdata.go:23.2,24.16 2 1
groundseg/config/netdata.go:24.16,26.3 1 0
groundseg/config/netdata.go:27.2,30.55 4 1
groundseg/config/netdata.go:30.55,32.3 1 0
groundseg/config/netdata.go:33.2,33.12 1 1
groundseg/config/netdata.go:37.32,66.69 9 1
groundseg/config/netdata.go:66.69,68.3 1 0
groundseg/config/netdata.go:69.2,70.16 2 1
groundseg/config/netdata.go:70.16,72.3 1 0
groundseg/config/netdata.go:73.2,76.51 4 1
groundseg/config/netdata.go:76.51,78.3 1 0
groundseg/config/netdata.go:79.2,79.12 1 1
groundseg/config/persistence.go:15.51,17.2 1 1
groundseg/config/persistence.go:19.74,22.54 3 0
groundseg/config/persistence.go:22.54,24.3 1 0
groundseg/config/persistence.go:25.2,25.26 1 0
groundseg/config/persistence.go:28.55,30.16 2 0
groundseg/config/persistence.go:30.16,32.3 1 0
groundseg/config/persistence.go:35.2,35.43 1 0
groundseg/config/persistence.go:35.43,37.3 1 0
groundseg/config/persistence.go:38.2,39.16 2 0
groundseg/config/persistence.go:39.16,41.3 1 0
groundseg/config/persistence.go:42.2,42.24 1 0
groundseg/config/persistence.go:45.44,48.16 3 0
groundseg/config/persistence.go:48.16,50.3 1 0
groundseg/config/persistence.go:51.2,56.16 1 0
groundseg/config/persistence.go:56.16,58.3 1 0
groundseg/config/persistence.go:59.2,59.12 1 0
groundseg/config/persistence.go:62.37,64.16 2 0
groundseg/config/persistence.go:64.16,68.3 3 0
groundseg/config/persistence.go:69.2,70.13 2 0
groundseg/config/persistence.go:73.37,75.38 2 0
groundseg/config/persistence.go:75.38,77.3 1 0
groundseg/config/persistence.go:78.2,78.39 1 0
groundseg/config/persistence.go:78.39,80.3 1 0
groundseg/config/persistence.go:81.2,82.76 2 0
groundseg/config/persistence.go:82.76,84.3 1 0
groundseg/config/persistence.go:85.2,85.12 1 0
groundseg/config/persistence.go:88.58,90.16 2 0
groundseg/config/persistence.go:90.16,92.3 1 0
groundseg/config/persistence.go:93.2,93.31 1 0
groundseg/config/persistence.go:96.58,99.16 3 1
groundseg/config/persistence.go:99.16,101.3 1 0
groundseg/config/persistence.go:102.2,102.67 1 1
groundseg/config/persistence.go:102.67,104.3 1 0
groundseg/config/persistence.go:105.2,105.65 1 1
groundseg/config/persistence.go:105.65,107.3 1 1
groundseg/config/persistence.go:108.2,108.12 1 0
groundseg/config/persistence.go:111.59,112.23 1 1
groundseg/config/persistence.go:112.23,114.3 1 0
groundseg/config/persistence.go:115.2,115.69 1 1
groundseg/config/persistence.go:115.69,117.3 1 0
groundseg/config/persistence.go:118.2,119.16 2 1
groundseg/config/persistence.go:119.16,121.3 1 1
groundseg/config/persistence.go:122.2,124.50 3 1
groundseg/config/persistence.go:124.50,127.3 2 0
groundseg/config/persistence.go:128.2,128.39 1 1
groundseg/config/persistence.go:128.39,131.3 2 0
groundseg/config/persistence.go:132.2,132.51 1 1
groundseg/config/persistence.go:132.51,134.3 1 1
groundseg/config/persistence.go:135.2,136.16 2 1
groundseg/config/persistence.go:136.16,138.3 1 0
groundseg/config/persistence.go:139.2,139.20 1 1
groundseg/config/persistence.go:139.20,141.3 1 0
groundseg/config/persistence.go:142.2,142.49 1 1
groundseg/config/persistence.go:142.49,144.3 1 0
groundseg/config/persistence.go:145.2,145.12 1 1
groundseg/config/persistence.go:148.32,152.16 4 1
groundseg/config/persistence.go:152.16,154.3 1 0
groundseg/config/persistence.go:155.2,155.37 1 1
groundseg/config/storage.go:12.32,14.16 2 0
groundseg/config/storage.go:14.16,17.3 2 0
groundseg/config/storage.go:20.2,20.31 1 0
groundseg/config/storage.go:20.31,21.26 1 0
groundseg/config/storage.go:21.26,23.4 1 0
groundseg/config/storage.go:27.2,27.50 1 0
groundseg/config/storage.go:27.50,29.3 1 0
groundseg/config/storage.go:31.2,31.14 1 0
groundseg/config/storage.go:34.55,36.20 2 1
groundseg/config/storage.go:36.20,38.3 1 1
groundseg/config/storage.go:39.2,39.39 1 1
groundseg/config/storage.go:39.39,42.3 2 0
groundseg/config/storage.go:43.2,51.13 3 1
groundseg/config/storage.go:51.13,53.3 1 1
groundseg/config/storage.go:54.2,55.19 2 1
groundseg/config/storage.go:55.19,57.59 2 0
groundseg/config/storage.go:57.59,60.4 2 0
groundseg/config/storage.go:61.8,63.3 1 1
groundseg/config/storage.go:64.2,64.54 1 1
groundseg/config/storage.go:64.54,66.3 1 1
groundseg/config/storage.go:68.2,68.25 1 0
groundseg/config/urbit.go:20.49,24.2 3 1
groundseg/config/urbit.go:27.45,30.2 2 1
groundseg/config/urbit.go:33.52,37.39 4 1
groundseg/config/urbit.go:37.39,39.3 1 1
groundseg/config/urbit.go:40.2,40.19 1 1
groundseg/config/urbit.go:44.41,48.16 4 1
groundseg/config/urbit.go:48.16,50.3 1 0
groundseg/config/urbit.go:51.2,52.12 2 1
groundseg/config/urbit.go:56.43,64.2 5 1
groundseg/config/urbit.go:67.74,70.40 3 0
groundseg/config/urbit.go:70.40,71.64 1 0
groundseg/config/urbit.go:71.64,73.4 1 0
groundseg/config/urbit.go:75.2,75.12 1 0
groundseg/config/urbit.go:79.80,80.21 1 1
groundseg/config/urbit.go:80.21,82.3 1 1
groundseg/config/urbit.go:83.2,87.9 4 1
groundseg/config/urbit.go:87.9,89.17 2 1
groundseg/config/urbit.go:89.17,91.4 1 1
groundseg/config/urbit.go:92.3,92.19 1 0
groundseg/config/urbit.go:94.2,94.43 1 1
groundseg/config/urbit.go:94.43,96.3 1 0
groundseg/config/urbit.go:97.2,97.48 1 1
groundseg/config/urbit.go:100.72,103.16 3 1
groundseg/config/urbit.go:103.16,105.3 1 1
groundseg/config/urbit.go:106.2,107.60 2 1
groundseg/config/urbit.go:107.60,109.3 1 0
groundseg/config/urbit.go:110.2,111.26 2 1
groundseg/config/urbit.go:114.54,115.24 1 1
groundseg/config/urbit.go:115.24,117.3 1 1
groundseg/config/urbit.go:120.76,123.69 3 1
groundseg/config/urbit.go:123.69,125.3 1 0
groundseg/config/urbit.go:126.2,127.16 2 1
groundseg/config/urbit.go:127.16,129.3 1 0
groundseg/config/urbit.go:131.2,136.46 5 1
groundseg/config/urbit.go:136.46,139.3 2 0
groundseg/config/urbit.go:140.2,140.40 1 1
groundseg/config/urbit.go:140.40,142.3 1 0
groundseg/config/urbit.go:143.2,144.16 2 1
groundseg/config/urbit.go:144.16,146.3 1 0
groundseg/config/urbit.go:147.2,147.20 1 1
groundseg/config/urbit.go:147.20,149.3 1 0
groundseg/config/urbit.go:150.2,150.49 1 1
groundseg/config/urbit.go:150.49,152.3 1 0
groundseg/config/urbit.go:153.2,154.12 2 1
groundseg/config/version.go:48.54,50.2 1 1
groundseg/config/version.go:52.60,59.2 3 1
groundseg/config/version.go:61.82,66.2 4 1
groundseg/config/version.go:68.72,72.2 3 1
groundseg/config/version.go:74.63,78.2 3 1
groundseg/config/version.go:80.42,81.18 1 0
groundseg/config/version.go:81.18,83.3 1 0
groundseg/config/version.go:86.51,87.19 1 0
groundseg/config/version.go:87.19,89.3 1 0
groundseg/config/version.go:92.67,93.17 1 0
groundseg/config/version.go:93.17,95.3 1 0
groundseg/config/version.go:96.2,96.15 1 0
groundseg/config/version.go:96.15,98.3 1 0
groundseg/config/version.go:101.37,103.2 1 0
groundseg/config/version.go:105.42,107.2 1 1
groundseg/config/version.go:109.49,111.2 1 0
groundseg/config/version.go:113.34,115.2 1 1
groundseg/config/version.go:117.78,119.17 2 1
groundseg/config/version.go:119.17,121.3 1 0
groundseg/config/version.go:122.2,125.31 4 1
groundseg/config/version.go:125.31,127.17 2 1
groundseg/config/version.go:127.17,129.4 1 0
groundseg/config/version.go:130.3,134.17 4 1
groundseg/config/version.go:134.17,137.21 3 1
groundseg/config/version.go:137.21,139.13 2 1
groundseg/config/version.go:141.4,141.77 1 1
groundseg/config/version.go:144.3,144.68 1 1
groundseg/config/version.go:144.68,147.21 3 0
groundseg/config/version.go:147.21,149.13 2 0
groundseg/config/version.go:151.4,151.76 1 0
groundseg/config/version.go:154.3,154.29 1 1
groundseg/config/version.go:156.2,156.76 1 0
groundseg/config/version.go:159.56,162.16 3 1
groundseg/config/version.go:162.16,164.3 1 0
groundseg/config/version.go:165.2,165.52 1 1
groundseg/config/version.go:168.114,170.13 2 1
groundseg/config/version.go:170.13,172.3 1 1
groundseg/config/version.go:173.2,173.21 1 1
groundseg/config/version.go:177.93,179.16 2 1
groundseg/config/version.go:179.16,181.3 1 1
groundseg/config/version.go:182.2,183.16 2 1
groundseg/config/version.go:183.16,185.3 1 1
groundseg/config/version.go:186.2,186.37 1 1
groundseg/config/version.go:190.85,191.52 1 1
groundseg/config/version.go:191.52,193.3 1 0
groundseg/config/version.go:194.2,195.12 2 1
groundseg/config/version.go:199.45,205.16 5 1
groundseg/config/version.go:205.16,207.3 1 1
groundseg/config/version.go:208.2,208.22 1 0
groundseg/config/version.go:212.48,218.16 5 1
groundseg/config/version.go:218.16,222.3 3 1
groundseg/config/version.go:224.2,224.72 1 1
groundseg/config/version.go:224.72,229.3 4 0
groundseg/config/version.go:230.2,230.34 1 1
groundseg/config/version.go:234.35,237.16 3 1
groundseg/config/version.go:237.16,239.3 1 0
groundseg/config/version.go:240.2,241.16 2 1
groundseg/config/version.go:241.16,243.3 1 0
groundseg/config/version.go:244.2,246.16 3 1
groundseg/config/version.go:246.16,248.3 1 0
groundseg/config/version.go:249.2,249.12 1 1
groundseg/config/version.go:253.37,254.43 1 1
groundseg/config/version.go:254.43,256.88 2 1
groundseg/config/version.go:256.88,258.4 1 0
groundseg/config/version.go:259.3,259.18 1 1
groundseg/config/version.go:261.2,263.16 3 1
groundseg/config/version.go:263.16,266.17 2 0
groundseg/config/version.go:266.17,269.4 2 0
groundseg/config/version.go:271.2,272.16 2 1
groundseg/config/version.go:272.16,275.3 2 0
groundseg/config/version.go:276.2,277.61 2 1
groundseg/config/version.go:277.61,280.3 2 1
groundseg/config/version.go:281.2,281.22 1 1
groundseg/config/wireguard.go:27.49,29.60 1 1
groundseg/config/wireguard.go:29.60,31.4 1 0
groundseg/config/wireguard.go:33.45,38.4 1 0
groundseg/config/wireguard.go:40.31,40.95 1 1
groundseg/config/wireguard.go:46.44,48.2 1 1
groundseg/config/wireguard.go:50.68,53.16 3 1
groundseg/config/wireguard.go:53.16,55.3 1 0
groundseg/config/wireguard.go:56.2,56.20 1 1
groundseg/config/wireguard.go:60.34,62.2 1 1
groundseg/config/wireguard.go:64.58,67.74 3 1
groundseg/config/wireguard.go:67.74,69.3 1 0
groundseg/config/wireguard.go:70.2,70.70 1 1
groundseg/config/wireguard.go:70.70,72.3 1 0
groundseg/config/wireguard.go:73.2,73.12 1 1
groundseg/config/wireguard.go:77.27,79.2 1 0
groundseg/config/wireguard.go:81.51,85.66 4 1
groundseg/config/wireguard.go:85.66,87.3 1 0
groundseg/config/wireguard.go:88.2,88.12 1 1
groundseg/config/wireguard.go:92.72,94.16 2 1
groundseg/config/wireguard.go:94.16,96.3 1 0
groundseg/config/wireguard.go:97.2,97.41 1 1
groundseg/config/wireguard.go:101.25,103.2 1 0
groundseg/config/wireguard.go:105.49,107.16 2 1
groundseg/config/wireguard.go:107.16,109.3 1 1
groundseg/config/wireguard.go:110.2,110.55 1 1
groundseg/config/wireguard.go:110.55,112.3 1 1
groundseg/config/wireguard.go:113.2,113.12 1 1
